<?xml version="1.0" encoding="UTF-8"?>
<testng-results ignored="0" total="1" passed="1" failed="0" skipped="0">
  <reporter-output>
  </reporter-output>
  <suite started-at="2026-06-17T20:26:15 IST" name="Surefire suite" finished-at="2026-06-17T20:26:30 IST" duration-ms="14293">
    <groups>
    </groups>
    <test started-at="2026-06-17T20:26:15 IST" name="Surefire test" finished-at="2026-06-17T20:26:30 IST" duration-ms="14293">
      <class name="org.test.WebpageTest">
        <test-method is-config="true" signature="openBrowser()[pri:0, instance:org.test.WebpageTest@12e61fe6]" started-at="2026-06-17T20:26:15 IST" name="openBrowser" finished-at="2026-06-17T20:26:19 IST" duration-ms="3859" status="PASS">
          <reporter-output>
          </reporter-output>
        </test-method> <!-- openBrowser -->
        <test-method signature="titleValidationTest()[pri:0, instance:org.test.WebpageTest@12e61fe6]" started-at="2026-06-17T20:26:19 IST" name="titleValidationTest" finished-at="2026-06-17T20:26:19 IST" duration-ms="27" status="PASS">
          <reporter-output>
          </reporter-output>
        </test-method> <!-- titleValidationTest -->
        <test-method is-config="true" signature="closeBrowser()[pri:0, instance:org.test.WebpageTest@12e61fe6]" started-at="2026-06-17T20:26:19 IST" name="closeBrowser" finished-at="2026-06-17T20:26:30 IST" duration-ms="10360" status="PASS">
          <reporter-output>
          </reporter-output>
        </test-method> <!-- closeBrowser -->
      </class> <!-- org.test.WebpageTest -->
    </test> <!-- Surefire test -->
  </suite> <!-- Surefire suite -->
</testng-results>
